{"name": "test_auditlog[ccs.tac-admin]", "status": "failed", "statusDetails": {"message": "AssertionError: Description(s) for create, update, delete, assign not found in the audit log\nassert not {'assign': 'Updating of User Role Assignments', 'create': 'Creating of Role Test Role Name 985-2', 'delete': 'Deleting of Role None', 'update': 'Updating of Role None to Test Role Name 985-2'}", "trace": "self = <feature_test.testcases.test_authz_fts.TestAdminTestRoles object at 0x7f89aca67220>, ui_session = <library.authz.AuthzUI object at 0x7f89ac000fa0>\ncall_endpoints_that_use_auditlog = None\n\n    @pytest.mark.TestCaseID(\"C1283662\")\n    def test_auditlog(self, ui_session, call_endpoints_that_use_auditlog):\n        two_minutes_ago = time.time() - 2 * 60\n    \n        code, response = ui_session.audit_log(\n            params=f\"app_slug=CCS&offset=0&limit=100&category=authorization&start_time={int(two_minutes_ago)}\"\n        )\n        log.info(f\"response from audit log {code} {response}\")\n        auditlog_list = response.get(\"audits\")\n    \n        search_log_str = {\n            \"create\": f\"Creating of Role {consts.AUDITLOG_USER_NAME}\",\n            \"update\": f\"Updating of Role None to {consts.AUDITLOG_USER_NAME}\",\n            \"delete\": \"Deleting of Role None\",\n            \"assign\": \"Updating of User Role Assignments\",\n        }\n        for res in auditlog_list:\n            log.info(res[\"description\"])\n            for key in search_log_str.keys():\n                if re.search(search_log_str[key], res[\"description\"], re.IGNORECASE):\n                    del search_log_str[key]\n                    break\n            if not search_log_str:\n                break\n    \n>       assert (\n            not search_log_str\n        ), f\"Description(s) for {', '.join(search_log_str)} not found in the audit log\"\nE       AssertionError: Description(s) for create, update, delete, assign not found in the audit log\nE       assert not {'assign': 'Updating of User Role Assignments', 'create': 'Creating of Role Test Role Name 985-2', 'delete': 'Deleting of Role None', 'update': 'Updating of Role None to Test Role Name 985-2'}\n\ntest_authz_fts.py:2272: AssertionError"}, "attachments": [{"name": "log", "source": "fd23d93b-20c4-4a63-9ad4-f352f2382c75-attachment.txt", "type": "text/plain"}], "parameters": [{"name": "ui_session", "value": "'ccs.tac-admin'"}], "start": 1692741275444, "stop": 1692741275903, "uuid": "d144803e-4c37-4915-90ac-af5a0550233d", "historyId": "6a46d192d68cb3575b76ff9289356dee", "testCaseId": "f2978e7daee1c97e4365be1619bef786", "fullName": "test_authz_fts.TestAdminTestRoles#test_auditlog", "labels": [{"name": "app", "value": "authz"}, {"name": "tag", "value": "TestCaseID('C1283662')"}, {"name": "tag", "value": "run(order=4)"}, {"name": "tag", "value": "Test"}, {"name": "tag", "value": "Plv"}, {"name": "tag", "value": "Regression"}, {"name": "suite", "value": "test_authz_fts"}, {"name": "subSuite", "value": "TestAdminTestRoles"}, {"name": "host", "value": "ccs-dev"}, {"name": "thread", "value": "147712-MainThread"}, {"name": "framework", "value": "pytest"}, {"name": "language", "value": "cpython3"}, {"name": "package", "value": "test_authz_fts"}]}